<?xml version="1.0" encoding="UTF-8"?>
<testng-results skipped="0" failed="0" total="1" passed="1">
  <reporter-output>
  </reporter-output>
  <suite name="Default suite" duration-ms="28731" started-at="2020-04-21T09:41:18Z" finished-at="2020-04-21T09:41:46Z">
    <groups>
      <group name="cucumber">
        <method signature="AbstractTestNGCucumberTests.feature(cucumber.api.testng.CucumberFeatureWrapper)[pri:0, instance:TestRunner.amazonTestRunner@161b062a]" name="feature" class="cucumber.api.testng.AbstractTestNGCucumberTests"/>
      </group> <!-- cucumber -->
    </groups>
    <test name="Default test" duration-ms="28731" started-at="2020-04-21T09:41:18Z" finished-at="2020-04-21T09:41:46Z">
      <class name="TestRunner.amazonTestRunner">
        <test-method status="PASS" signature="setUpClass()[pri:0, instance:TestRunner.amazonTestRunner@161b062a]" name="setUpClass" is-config="true" duration-ms="450" started-at="2020-04-21T11:41:18Z" finished-at="2020-04-21T11:41:18Z">
          <reporter-output>
          </reporter-output>
        </test-method> <!-- setUpClass -->
        <test-method status="PASS" signature="feature(cucumber.api.testng.CucumberFeatureWrapper)[pri:0, instance:TestRunner.amazonTestRunner@161b062a]" name="feature" duration-ms="28104" started-at="2020-04-21T11:41:18Z" description="Runs Cucumber Feature" data-provider="features" finished-at="2020-04-21T11:41:46Z">
          <params>
            <param index="0">
              <value>
                <![CDATA[New use Redirected to registration page after checkout without an account]]>
              </value>
            </param>
          </params>
          <reporter-output>
          </reporter-output>
        </test-method> <!-- feature -->
        <test-method status="PASS" signature="tearDownClass()[pri:0, instance:TestRunner.amazonTestRunner@161b062a]" name="tearDownClass" is-config="true" duration-ms="15" started-at="2020-04-21T11:41:46Z" finished-at="2020-04-21T11:41:46Z">
          <reporter-output>
          </reporter-output>
        </test-method> <!-- tearDownClass -->
      </class> <!-- TestRunner.amazonTestRunner -->
    </test> <!-- Default test -->
  </suite> <!-- Default suite -->
</testng-results>
