<?xml version="1.0" encoding="UTF-8"?>
<testng-results skipped="0" failed="0" ignored="0" total="1" passed="1">
  <reporter-output>
  </reporter-output>
  <suite name="Default suite" duration-ms="32509" started-at="2020-04-20T13:37:51Z" finished-at="2020-04-20T13:38:24Z">
    <groups>
      <group name="cucumber">
        <method signature="AbstractTestNGCucumberTests.feature(cucumber.api.testng.CucumberFeatureWrapper)[pri:0, instance:TestRunner.amazonTestRunner@7ff95560]" name="feature" class="cucumber.api.testng.AbstractTestNGCucumberTests"/>
      </group> <!-- cucumber -->
    </groups>
    <test name="Default test" duration-ms="32509" started-at="2020-04-20T13:37:51Z" finished-at="2020-04-20T13:38:24Z">
      <class name="TestRunner.amazonTestRunner">
        <test-method status="PASS" signature="setUpClass()[pri:0, instance:TestRunner.amazonTestRunner@7ff95560]" name="setUpClass" is-config="true" duration-ms="599" started-at="2020-04-20T13:37:51Z" finished-at="2020-04-20T13:37:52Z">
          <reporter-output>
          </reporter-output>
        </test-method> <!-- setUpClass -->
        <test-method status="PASS" signature="feature(cucumber.api.testng.CucumberFeatureWrapper)[pri:0, instance:TestRunner.amazonTestRunner@7ff95560]" name="feature" duration-ms="31706" started-at="2020-04-20T13:37:52Z" description="Runs Cucumber Feature" data-provider="features" finished-at="2020-04-20T13:38:24Z">
          <params>
            <param index="0">
              <value>
                <![CDATA[New use Redirected to registration page after checkout without an account]]>
              </value>
            </param>
          </params>
          <reporter-output>
          </reporter-output>
        </test-method> <!-- feature -->
        <test-method status="PASS" signature="tearDownClass()[pri:0, instance:TestRunner.amazonTestRunner@7ff95560]" name="tearDownClass" is-config="true" duration-ms="19" started-at="2020-04-20T13:38:24Z" finished-at="2020-04-20T13:38:24Z">
          <reporter-output>
          </reporter-output>
        </test-method> <!-- tearDownClass -->
      </class> <!-- TestRunner.amazonTestRunner -->
    </test> <!-- Default test -->
  </suite> <!-- Default suite -->
</testng-results>
